# JRE version: OpenJDK Runtime Environment (8.0_242-b01) (build 1.8.0_242-release-1644-b01)
# Java VM: OpenJDK 64-Bit Server VM (25.242-b01 mixed mode windows-amd64 compressed oops)
Heap:
 PSYoungGen      total 300544K, used 275915K [0x00000000d5580000, 0x00000000eaa80000, 0x0000000100000000)
  eden space 275456K, 91% used [0x00000000d5580000,0x00000000e4aa45f8,0x00000000e6280000)
  from space 25088K, 99% used [0x00000000e6280000,0x00000000e7afeed0,0x00000000e7b00000)
  to   space 34816K, 0% used [0x00000000e8880000,0x00000000e8880000,0x00000000eaa80000)
 ParOldGen       total 238592K, used 76230K [0x0000000080000000, 0x000000008e900000, 0x00000000d5580000)
  object space 238592K, 31% used [0x0000000080000000,0x0000000084a71b20,0x000000008e900000)
 Metaspace       used 96745K, capacity 102726K, committed 105240K, reserved 1140736K
  class space    used 12526K, capacity 13606K, committed 14384K, reserved 1048576K
GC Heap History (10 events):
Event: 1106.728 GC heap before
{Heap before GC invocations=23 (full 4):
 PSYoungGen      total 255488K, used 255470K [0x00000000d5580000, 0x00000000e6e80000, 0x0000000100000000)
  eden space 231424K, 100% used [0x00000000d5580000,0x00000000e3780000,0x00000000e3780000)
  from space 24064K, 99% used [0x00000000e5400000,0x00000000e6b7ba90,0x00000000e6b80000)
  to   space 28160K, 0% used [0x00000000e3780000,0x00000000e3780000,0x00000000e5300000)
 ParOldGen       total 238592K, used 57504K [0x0000000080000000, 0x000000008e900000, 0x00000000d5580000)
  object space 238592K, 24% used [0x0000000080000000,0x00000000838281c8,0x000000008e900000)
 Metaspace       used 95500K, capacity 101178K, committed 104088K, reserved 1138688K
  class space    used 12466K, capacity 13490K, committed 14256K, reserved 1048576K
Event: 1106.738 GC heap after
Heap after GC invocations=23 (full 4):
 PSYoungGen      total 259584K, used 18297K [0x00000000d5580000, 0x00000000e8780000, 0x0000000100000000)
  eden space 231424K, 0% used [0x00000000d5580000,0x00000000d5580000,0x00000000e3780000)
  from space 28160K, 64% used [0x00000000e3780000,0x00000000e495e7d0,0x00000000e5300000)
  to   space 28672K, 0% used [0x00000000e6b80000,0x00000000e6b80000,0x00000000e8780000)
 ParOldGen       total 238592K, used 57512K [0x0000000080000000, 0x000000008e900000, 0x00000000d5580000)
  object space 238592K, 24% used [0x0000000080000000,0x000000008382a1c8,0x000000008e900000)
 Metaspace       used 95500K, capacity 101178K, committed 104088K, reserved 1138688K
  class space    used 12466K, capacity 13490K, committed 14256K, reserved 1048576K
}
Event: 1107.251 GC heap before
{Heap before GC invocations=24 (full 4):
 PSYoungGen      total 259584K, used 249721K [0x00000000d5580000, 0x00000000e8780000, 0x0000000100000000)
  eden space 231424K, 100% used [0x00000000d5580000,0x00000000e3780000,0x00000000e3780000)
  from space 28160K, 64% used [0x00000000e3780000,0x00000000e495e7d0,0x00000000e5300000)
  to   space 28672K, 0% used [0x00000000e6b80000,0x00000000e6b80000,0x00000000e8780000)
 ParOldGen       total 238592K, used 57512K [0x0000000080000000, 0x000000008e900000, 0x00000000d5580000)
  object space 238592K, 24% used [0x0000000080000000,0x000000008382a1c8,0x000000008e900000)
 Metaspace       used 95702K, capacity 101442K, committed 104344K, reserved 1138688K
  class space    used 12477K, capacity 13500K, committed 14256K, reserved 1048576K
Event: 1107.262 GC heap after
Heap after GC invocations=24 (full 4):
 PSYoungGen      total 286208K, used 12968K [0x00000000d5580000, 0x00000000e8880000, 0x0000000100000000)
  eden space 257536K, 0% used [0x00000000d5580000,0x00000000d5580000,0x00000000e5100000)
  from space 28672K, 45% used [0x00000000e6b80000,0x00000000e782a060,0x00000000e8780000)
  to   space 27136K, 0% used [0x00000000e5100000,0x00000000e5100000,0x00000000e6b80000)
 ParOldGen       total 238592K, used 57520K [0x0000000080000000, 0x000000008e900000, 0x00000000d5580000)
  object space 238592K, 24% used [0x0000000080000000,0x000000008382c1c8,0x000000008e900000)
 Metaspace       used 95702K, capacity 101442K, committed 104344K, reserved 1138688K
  class space    used 12477K, capacity 13500K, committed 14256K, reserved 1048576K
}
Event: 1108.511 GC heap before
{Heap before GC invocations=25 (full 4):
 PSYoungGen      total 286208K, used 270504K [0x00000000d5580000, 0x00000000e8880000, 0x0000000100000000)
  eden space 257536K, 100% used [0x00000000d5580000,0x00000000e5100000,0x00000000e5100000)
  from space 28672K, 45% used [0x00000000e6b80000,0x00000000e782a060,0x00000000e8780000)
  to   space 27136K, 0% used [0x00000000e5100000,0x00000000e5100000,0x00000000e6b80000)
 ParOldGen       total 238592K, used 57520K [0x0000000080000000, 0x000000008e900000, 0x00000000d5580000)
  object space 238592K, 24% used [0x0000000080000000,0x000000008382c1c8,0x000000008e900000)
 Metaspace       used 95815K, capacity 101514K, committed 104344K, reserved 1138688K
  class space    used 12477K, capacity 13500K, committed 14256K, reserved 1048576K
Event: 1108.518 GC heap after
Heap after GC invocations=25 (full 4):
 PSYoungGen      total 284672K, used 12986K [0x00000000d5580000, 0x00000000ea000000, 0x0000000100000000)
  eden space 257536K, 0% used [0x00000000d5580000,0x00000000d5580000,0x00000000e5100000)
  from space 27136K, 47% used [0x00000000e5100000,0x00000000e5dae8e8,0x00000000e6b80000)
  to   space 26112K, 0% used [0x00000000e8680000,0x00000000e8680000,0x00000000ea000000)
 ParOldGen       total 238592K, used 57528K [0x0000000080000000, 0x000000008e900000, 0x00000000d5580000)
  object space 238592K, 24% used [0x0000000080000000,0x000000008382e1c8,0x000000008e900000)
 Metaspace       used 95815K, capacity 101514K, committed 104344K, reserved 1138688K
  class space    used 12477K, capacity 13500K, committed 14256K, reserved 1048576K
}
Event: 1115.093 GC heap before
{Heap before GC invocations=26 (full 4):
 PSYoungGen      total 284672K, used 270522K [0x00000000d5580000, 0x00000000ea000000, 0x0000000100000000)
  eden space 257536K, 100% used [0x00000000d5580000,0x00000000e5100000,0x00000000e5100000)
  from space 27136K, 47% used [0x00000000e5100000,0x00000000e5dae8e8,0x00000000e6b80000)
  to   space 26112K, 0% used [0x00000000e8680000,0x00000000e8680000,0x00000000ea000000)
 ParOldGen       total 238592K, used 57528K [0x0000000080000000, 0x000000008e900000, 0x00000000d5580000)
  object space 238592K, 24% used [0x0000000080000000,0x000000008382e1c8,0x000000008e900000)
 Metaspace       used 96197K, capacity 102164K, committed 104984K, reserved 1140736K
  class space    used 12505K, capacity 13569K, committed 14384K, reserved 1048576K
Event: 1115.103 GC heap after
Heap after GC invocations=26 (full 4):
 PSYoungGen      total 264704K, used 13124K [0x00000000d5580000, 0x00000000e9380000, 0x0000000100000000)
  eden space 251392K, 0% used [0x00000000d5580000,0x00000000d5580000,0x00000000e4b00000)
  from space 13312K, 98% used [0x00000000e8680000,0x00000000e9351070,0x00000000e9380000)
  to   space 25088K, 0% used [0x00000000e6280000,0x00000000e6280000,0x00000000e7b00000)
 ParOldGen       total 238592K, used 57536K [0x0000000080000000, 0x000000008e900000, 0x00000000d5580000)
  object space 238592K, 24% used [0x0000000080000000,0x00000000838301c8,0x000000008e900000)
 Metaspace       used 96197K, capacity 102164K, committed 104984K, reserved 1140736K
  class space    used 12505K, capacity 13569K, committed 14384K, reserved 1048576K
}
Event: 1116.807 GC heap before
{Heap before GC invocations=27 (full 4):
 PSYoungGen      total 264704K, used 264516K [0x00000000d5580000, 0x00000000e9380000, 0x0000000100000000)
  eden space 251392K, 100% used [0x00000000d5580000,0x00000000e4b00000,0x00000000e4b00000)
  from space 13312K, 98% used [0x00000000e8680000,0x00000000e9351070,0x00000000e9380000)
  to   space 25088K, 0% used [0x00000000e6280000,0x00000000e6280000,0x00000000e7b00000)
 ParOldGen       total 238592K, used 57536K [0x0000000080000000, 0x000000008e900000, 0x00000000d5580000)
  object space 238592K, 24% used [0x0000000080000000,0x00000000838301c8,0x000000008e900000)
 Metaspace       used 96362K, capacity 102300K, committed 104984K, reserved 1140736K
  class space    used 12506K, capacity 13569K, committed 14384K, reserved 1048576K
Event: 1116.840 GC heap after
Heap after GC invocations=27 (full 4):
 PSYoungGen      total 300544K, used 25083K [0x00000000d5580000, 0x00000000eaa80000, 0x0000000100000000)
  eden space 275456K, 0% used [0x00000000d5580000,0x00000000d5580000,0x00000000e6280000)
  from space 25088K, 99% used [0x00000000e6280000,0x00000000e7afeed0,0x00000000e7b00000)
  to   space 34816K, 0% used [0x00000000e8880000,0x00000000e8880000,0x00000000eaa80000)
 ParOldGen       total 238592K, used 76230K [0x0000000080000000, 0x000000008e900000, 0x00000000d5580000)
  object space 238592K, 31% used [0x0000000080000000,0x0000000084a71b20,0x000000008e900000)
 Metaspace       used 96362K, capacity 102300K, committed 104984K, reserved 1140736K
  class space    used 12506K, capacity 13569K, committed 14384K, reserved 1048576K
}

