# JRE version: OpenJDK Runtime Environment (8.0_242-b01) (build 1.8.0_242-release-1644-b01)
# Java VM: OpenJDK 64-Bit Server VM (25.242-b01 mixed mode windows-amd64 compressed oops)
Heap:
 PSYoungGen      total 266752K, used 125802K [0x00000000d5580000, 0x00000000e9700000, 0x0000000100000000)
  eden space 239616K, 47% used [0x00000000d5580000,0x00000000dc40bd48,0x00000000e3f80000)
  from space 27136K, 46% used [0x00000000e3f80000,0x00000000e4bceb70,0x00000000e5a00000)
  to   space 25600K, 0% used [0x00000000e7e00000,0x00000000e7e00000,0x00000000e9700000)
 ParOldGen       total 220672K, used 64474K [0x0000000080000000, 0x000000008d780000, 0x00000000d5580000)
  object space 220672K, 29% used [0x0000000080000000,0x0000000083ef68d0,0x000000008d780000)
 Metaspace       used 85755K, capacity 92130K, committed 92208K, reserved 1128448K
  class space    used 11678K, capacity 12798K, committed 12848K, reserved 1048576K
GC Heap History (10 events):
Event: 6.428 GC heap before
{Heap before GC invocations=12 (full 2):
 PSYoungGen      total 189952K, used 52103K [0x00000000d5580000, 0x00000000e4180000, 0x0000000100000000)
  eden space 176640K, 21% used [0x00000000d5580000,0x00000000d7b68be0,0x00000000e0200000)
  from space 13312K, 99% used [0x00000000e0200000,0x00000000e0ef9330,0x00000000e0f00000)
  to   space 18944K, 0% used [0x00000000e2f00000,0x00000000e2f00000,0x00000000e4180000)
 ParOldGen       total 147968K, used 27856K [0x0000000080000000, 0x0000000089080000, 0x00000000d5580000)
  object space 147968K, 18% used [0x0000000080000000,0x0000000081b343b8,0x0000000089080000)
 Metaspace       used 56848K, capacity 58992K, committed 59160K, reserved 1099776K
  class space    used 7791K, capacity 8269K, committed 8368K, reserved 1048576K
Event: 6.437 GC heap after
Heap after GC invocations=12 (full 2):
 PSYoungGen      total 223232K, used 11460K [0x00000000d5580000, 0x00000000e5d00000, 0x0000000100000000)
  eden space 204288K, 0% used [0x00000000d5580000,0x00000000d5580000,0x00000000e1d00000)
  from space 18944K, 60% used [0x00000000e2f00000,0x00000000e3a310f8,0x00000000e4180000)
  to   space 18432K, 0% used [0x00000000e1d00000,0x00000000e1d00000,0x00000000e2f00000)
 ParOldGen       total 147968K, used 33115K [0x0000000080000000, 0x0000000089080000, 0x00000000d5580000)
  object space 147968K, 22% used [0x0000000080000000,0x0000000082056f10,0x0000000089080000)
 Metaspace       used 56848K, capacity 58992K, committed 59160K, reserved 1099776K
  class space    used 7791K, capacity 8269K, committed 8368K, reserved 1048576K
}
Event: 6.437 GC heap before
{Heap before GC invocations=13 (full 3):
 PSYoungGen      total 223232K, used 11460K [0x00000000d5580000, 0x00000000e5d00000, 0x0000000100000000)
  eden space 204288K, 0% used [0x00000000d5580000,0x00000000d5580000,0x00000000e1d00000)
  from space 18944K, 60% used [0x00000000e2f00000,0x00000000e3a310f8,0x00000000e4180000)
  to   space 18432K, 0% used [0x00000000e1d00000,0x00000000e1d00000,0x00000000e2f00000)
 ParOldGen       total 147968K, used 33115K [0x0000000080000000, 0x0000000089080000, 0x00000000d5580000)
  object space 147968K, 22% used [0x0000000080000000,0x0000000082056f10,0x0000000089080000)
 Metaspace       used 56848K, capacity 58992K, committed 59160K, reserved 1099776K
  class space    used 7791K, capacity 8269K, committed 8368K, reserved 1048576K
Event: 6.610 GC heap after
Heap after GC invocations=13 (full 3):
 PSYoungGen      total 223232K, used 0K [0x00000000d5580000, 0x00000000e5d00000, 0x0000000100000000)
  eden space 204288K, 0% used [0x00000000d5580000,0x00000000d5580000,0x00000000e1d00000)
  from space 18944K, 0% used [0x00000000e2f00000,0x00000000e2f00000,0x00000000e4180000)
  to   space 18432K, 0% used [0x00000000e1d00000,0x00000000e1d00000,0x00000000e2f00000)
 ParOldGen       total 220672K, used 32675K [0x0000000080000000, 0x000000008d780000, 0x00000000d5580000)
  object space 220672K, 14% used [0x0000000080000000,0x0000000081fe8dc8,0x000000008d780000)
 Metaspace       used 56773K, capacity 58734K, committed 59160K, reserved 1099776K
  class space    used 7768K, capacity 8226K, committed 8368K, reserved 1048576K
}
Event: 8.060 GC heap before
{Heap before GC invocations=14 (full 3):
 PSYoungGen      total 223232K, used 204288K [0x00000000d5580000, 0x00000000e5d00000, 0x0000000100000000)
  eden space 204288K, 100% used [0x00000000d5580000,0x00000000e1d00000,0x00000000e1d00000)
  from space 18944K, 0% used [0x00000000e2f00000,0x00000000e2f00000,0x00000000e4180000)
  to   space 18432K, 0% used [0x00000000e1d00000,0x00000000e1d00000,0x00000000e2f00000)
 ParOldGen       total 220672K, used 32675K [0x0000000080000000, 0x000000008d780000, 0x00000000d5580000)
  object space 220672K, 14% used [0x0000000080000000,0x0000000081fe8dc8,0x000000008d780000)
 Metaspace       used 62926K, capacity 66998K, committed 67120K, reserved 1107968K
  class space    used 8736K, capacity 9474K, committed 9520K, reserved 1048576K
Event: 8.074 GC heap after
Heap after GC invocations=14 (full 3):
 PSYoungGen      total 222720K, used 16664K [0x00000000d5580000, 0x00000000e6d80000, 0x0000000100000000)
  eden space 204288K, 0% used [0x00000000d5580000,0x00000000d5580000,0x00000000e1d00000)
  from space 18432K, 90% used [0x00000000e1d00000,0x00000000e2d462e8,0x00000000e2f00000)
  to   space 19968K, 0% used [0x00000000e5a00000,0x00000000e5a00000,0x00000000e6d80000)
 ParOldGen       total 220672K, used 32683K [0x0000000080000000, 0x000000008d780000, 0x00000000d5580000)
  object space 220672K, 14% used [0x0000000080000000,0x0000000081feadc8,0x000000008d780000)
 Metaspace       used 62926K, capacity 66998K, committed 67120K, reserved 1107968K
  class space    used 8736K, capacity 9474K, committed 9520K, reserved 1048576K
}
Event: 44.377 GC heap before
{Heap before GC invocations=15 (full 3):
 PSYoungGen      total 222720K, used 220952K [0x00000000d5580000, 0x00000000e6d80000, 0x0000000100000000)
  eden space 204288K, 100% used [0x00000000d5580000,0x00000000e1d00000,0x00000000e1d00000)
  from space 18432K, 90% used [0x00000000e1d00000,0x00000000e2d462e8,0x00000000e2f00000)
  to   space 19968K, 0% used [0x00000000e5a00000,0x00000000e5a00000,0x00000000e6d80000)
 ParOldGen       total 220672K, used 32683K [0x0000000080000000, 0x000000008d780000, 0x00000000d5580000)
  object space 220672K, 14% used [0x0000000080000000,0x0000000081feadc8,0x000000008d780000)
 Metaspace       used 78506K, capacity 83868K, committed 84144K, reserved 1122304K
  class space    used 10897K, capacity 11853K, committed 11952K, reserved 1048576K
Event: 44.399 GC heap after
Heap after GC invocations=15 (full 3):
 PSYoungGen      total 259584K, used 19961K [0x00000000d5580000, 0x00000000e7480000, 0x0000000100000000)
  eden space 239616K, 0% used [0x00000000d5580000,0x00000000d5580000,0x00000000e3f80000)
  from space 19968K, 99% used [0x00000000e5a00000,0x00000000e6d7e610,0x00000000e6d80000)
  to   space 27136K, 0% used [0x00000000e3f80000,0x00000000e3f80000,0x00000000e5a00000)
 ParOldGen       total 220672K, used 45549K [0x0000000080000000, 0x000000008d780000, 0x00000000d5580000)
  object space 220672K, 20% used [0x0000000080000000,0x0000000082c7b738,0x000000008d780000)
 Metaspace       used 78506K, capacity 83868K, committed 84144K, reserved 1122304K
  class space    used 10897K, capacity 11853K, committed 11952K, reserved 1048576K
}
Event: 46.986 GC heap before
{Heap before GC invocations=16 (full 3):
 PSYoungGen      total 259584K, used 259305K [0x00000000d5580000, 0x00000000e7480000, 0x0000000100000000)
  eden space 239616K, 99% used [0x00000000d5580000,0x00000000e3f3c070,0x00000000e3f80000)
  from space 19968K, 99% used [0x00000000e5a00000,0x00000000e6d7e610,0x00000000e6d80000)
  to   space 27136K, 0% used [0x00000000e3f80000,0x00000000e3f80000,0x00000000e5a00000)
 ParOldGen       total 220672K, used 45549K [0x0000000080000000, 0x000000008d780000, 0x00000000d5580000)
  object space 220672K, 20% used [0x0000000080000000,0x0000000082c7b738,0x000000008d780000)
 Metaspace       used 85542K, capacity 91900K, committed 91952K, reserved 1128448K
  class space    used 11676K, capacity 12797K, committed 12848K, reserved 1048576K
Event: 47.007 GC heap after
Heap after GC invocations=16 (full 3):
 PSYoungGen      total 266752K, used 12602K [0x00000000d5580000, 0x00000000e9700000, 0x0000000100000000)
  eden space 239616K, 0% used [0x00000000d5580000,0x00000000d5580000,0x00000000e3f80000)
  from space 27136K, 46% used [0x00000000e3f80000,0x00000000e4bceb70,0x00000000e5a00000)
  to   space 25600K, 0% used [0x00000000e7e00000,0x00000000e7e00000,0x00000000e9700000)
 ParOldGen       total 220672K, used 64474K [0x0000000080000000, 0x000000008d780000, 0x00000000d5580000)
  object space 220672K, 29% used [0x0000000080000000,0x0000000083ef68d0,0x000000008d780000)
 Metaspace       used 85542K, capacity 91900K, committed 91952K, reserved 1128448K
  class space    used 11676K, capacity 12797K, committed 12848K, reserved 1048576K
}

